<?xml version="1.0" encoding="UTF-8"?>
<!-- Generated by org.testng.reporters.JUnitReportReporter -->
<testsuite hostname="DESKTOP-9H74IGJ" failures="0" tests="1" name="Demo.Sample" time="0.016" errors="0" timestamp="2023-01-19T17:01:25 PST" skipped="0">
  <testcase classname="Demo.Sample" name="demoTest" time="0.016"/>
  <system-out/>
</testsuite> <!-- Demo.Sample -->
