<?xml version="1.0" encoding="UTF-8"?>
<!-- Generated by org.testng.reporters.JUnitReportReporter -->
<testsuite hostname="DESKTOP-9H74IGJ" failures="0" tests="1" name="Demo.CreateOrgWithTest" time="0.015" errors="0" timestamp="2023-01-17T13:23:23 PST" skipped="0">
  <testcase classname="Demo.CreateOrgWithTest" name="orgTest" time="0.015"/>
  <system-out/>
</testsuite> <!-- Demo.CreateOrgWithTest -->
